<?xml version="1.0" encoding="UTF-8"?>
<testng-results ignored="0" total="2" passed="2" failed="0" skipped="0">
  <reporter-output>
  </reporter-output>
  <suite started-at="2025-05-26T21:15:24 IST" name="Default suite" finished-at="2025-05-26T21:15:27 IST" duration-ms="2892">
    <groups>
    </groups>
    <test started-at="2025-05-26T21:15:24 IST" name="Default test" finished-at="2025-05-26T21:15:27 IST" duration-ms="2892">
      <class name="testcollection.TestDemo">
        <test-method signature="test_1()[pri:0, instance:testcollection.TestDemo@53de625d]" started-at="2025-05-26T21:15:24 IST" name="test_1" finished-at="2025-05-26T21:15:26 IST" duration-ms="2114" status="PASS">
          <reporter-output>
          </reporter-output>
        </test-method> <!-- test_1 -->
        <test-method signature="test_2()[pri:0, instance:testcollection.TestDemo@53de625d]" started-at="2025-05-26T21:15:26 IST" name="test_2" finished-at="2025-05-26T21:15:27 IST" duration-ms="736" status="PASS">
          <reporter-output>
          </reporter-output>
        </test-method> <!-- test_2 -->
      </class> <!-- testcollection.TestDemo -->
    </test> <!-- Default test -->
  </suite> <!-- Default suite -->
</testng-results>
